Build started 12/25/2020 11:12:33 PM.
     1>Project "C:\Users\hp\Desktop\3D Shapes\3D Shapes\3D Shapes.vcxproj" on node 2 (Build target(s)).
       Project file contains ToolsVersion="15.0". This toolset may be unknown or missing, in which case you may be able to resolve this by installing the appropriate version of MSBuild, or the build may have been forced to a particular ToolsVersion for policy reasons. Treating the project as if it had ToolsVersion="4.0". For more information, please see http://go.microsoft.com/fwlink/?LinkId=291333.
     1>ClCompile:
         C:\Program Files (x86)\Microsoft Visual Studio 11.0\VC\bin\x86_amd64\CL.exe /c /Zi /nologo /W3 /WX- /sdl /Od /D _MBCS /Gm /EHsc /RTC1 /MDd /GS /fp:precise /Zc:wchar_t /Zc:forScope /Fo"x64\Debug\\" /Fd"x64\Debug\vc110.pdb" /Gd /TP /errorReport:prompt Cuboid.cpp Shape3D.cpp Source.cpp Sphere.cpp
         Cuboid.cpp
         Generating Code...
         Compiling...
         Sphere.cpp
         Source.cpp
         Shape3D.cpp
         Generating Code...
       Link:
         C:\Program Files (x86)\Microsoft Visual Studio 11.0\VC\bin\x86_amd64\link.exe /ERRORREPORT:PROMPT /OUT:"C:\Users\hp\Desktop\3D Shapes\x64\Debug\3D Shapes.exe" /INCREMENTAL /NOLOGO kernel32.lib user32.lib gdi32.lib winspool.lib comdlg32.lib advapi32.lib shell32.lib ole32.lib oleaut32.lib uuid.lib odbc32.lib odbccp32.lib /MANIFEST /MANIFESTUAC:"level='asInvoker' uiAccess='false'" /manifest:embed /PDB:"C:\Users\hp\Desktop\3D Shapes\x64\Debug\3D Shapes.pdb" /SUBSYSTEM:CONSOLE /TLBID:1 /DYNAMICBASE /NXCOMPAT /IMPLIB:"C:\Users\hp\Desktop\3D Shapes\x64\Debug\3D Shapes.lib" /MACHINE:X64 x64\Debug\Cuboid.obj
         x64\Debug\Shape3D.obj
         x64\Debug\Source.obj
         x64\Debug\Sphere.obj
         3D Shapes.vcxproj -> C:\Users\hp\Desktop\3D Shapes\x64\Debug\3D Shapes.exe
     1>Done Building Project "C:\Users\hp\Desktop\3D Shapes\3D Shapes\3D Shapes.vcxproj" (Build target(s)).

Build succeeded.

Time Elapsed 00:00:01.75
